# JRE version: OpenJDK Runtime Environment (8.0_212-b04) (build 1.8.0_212-release-1586-b04)
# Java VM: OpenJDK 64-Bit Server VM (25.212-b04 mixed mode windows-amd64 compressed oops)
Heap:
 PSYoungGen      total 420864K, used 306959K [0x00000000e0000000, 0x00000000ff780000, 0x0000000100000000)
  eden space 391168K, 73% used [0x00000000e0000000,0x00000000f17daa38,0x00000000f7e00000)
  from space 29696K, 68% used [0x00000000f7e00000,0x00000000f91e91e8,0x00000000f9b00000)
  to   space 30720K, 0% used [0x00000000fd980000,0x00000000fd980000,0x00000000ff780000)
 ParOldGen       total 139264K, used 73226K [0x00000000a0000000, 0x00000000a8800000, 0x00000000e0000000)
  object space 139264K, 52% used [0x00000000a0000000,0x00000000a4782890,0x00000000a8800000)
 Metaspace       used 86547K, capacity 90010K, committed 90368K, reserved 1128448K
  class space    used 11467K, capacity 12165K, committed 12288K, reserved 1048576K
GC Heap History (10 events):
Event: 13.686 GC heap before
{Heap before GC invocations=16 (full 3):
 PSYoungGen      total 251392K, used 251138K [0x00000000e0000000, 0x00000000f1500000, 0x0000000100000000)
  eden space 236544K, 100% used [0x00000000e0000000,0x00000000ee700000,0x00000000ee700000)
  from space 14848K, 98% used [0x00000000f0680000,0x00000000f14c0960,0x00000000f1500000)
  to   space 23552K, 0% used [0x00000000ee700000,0x00000000ee700000,0x00000000efe00000)
 ParOldGen       total 139264K, used 33199K [0x00000000a0000000, 0x00000000a8800000, 0x00000000e0000000)
  object space 139264K, 23% used [0x00000000a0000000,0x00000000a206bfd8,0x00000000a8800000)
 Metaspace       used 59943K, capacity 62226K, committed 62464K, reserved 1103872K
  class space    used 8212K, capacity 8689K, committed 8704K, reserved 1048576K
Event: 13.719 GC heap after
Heap after GC invocations=16 (full 3):
 PSYoungGen      total 260096K, used 6215K [0x00000000e0000000, 0x00000000f6500000, 0x0000000100000000)
  eden space 236544K, 0% used [0x00000000e0000000,0x00000000e0000000,0x00000000ee700000)
  from space 23552K, 26% used [0x00000000ee700000,0x00000000eed11e68,0x00000000efe00000)
  to   space 23040K, 0% used [0x00000000f4e80000,0x00000000f4e80000,0x00000000f6500000)
 ParOldGen       total 139264K, used 41441K [0x00000000a0000000, 0x00000000a8800000, 0x00000000e0000000)
  object space 139264K, 29% used [0x00000000a0000000,0x00000000a2878510,0x00000000a8800000)
 Metaspace       used 59943K, capacity 62226K, committed 62464K, reserved 1103872K
  class space    used 8212K, capacity 8689K, committed 8704K, reserved 1048576K
}
Event: 15.564 GC heap before
{Heap before GC invocations=17 (full 3):
 PSYoungGen      total 260096K, used 242759K [0x00000000e0000000, 0x00000000f6500000, 0x0000000100000000)
  eden space 236544K, 100% used [0x00000000e0000000,0x00000000ee700000,0x00000000ee700000)
  from space 23552K, 26% used [0x00000000ee700000,0x00000000eed11e68,0x00000000efe00000)
  to   space 23040K, 0% used [0x00000000f4e80000,0x00000000f4e80000,0x00000000f6500000)
 ParOldGen       total 139264K, used 41441K [0x00000000a0000000, 0x00000000a8800000, 0x00000000e0000000)
  object space 139264K, 29% used [0x00000000a0000000,0x00000000a2878510,0x00000000a8800000)
 Metaspace       used 61107K, capacity 63394K, committed 63616K, reserved 1103872K
  class space    used 8276K, capacity 8769K, committed 8832K, reserved 1048576K
Event: 15.576 GC heap after
Heap after GC invocations=17 (full 3):
 PSYoungGen      total 325120K, used 5386K [0x00000000e0000000, 0x00000000f5c80000, 0x0000000100000000)
  eden space 310784K, 0% used [0x00000000e0000000,0x00000000e0000000,0x00000000f2f80000)
  from space 14336K, 37% used [0x00000000f4e80000,0x00000000f53c2a50,0x00000000f5c80000)
  to   space 23040K, 0% used [0x00000000f2f80000,0x00000000f2f80000,0x00000000f4600000)
 ParOldGen       total 139264K, used 45910K [0x00000000a0000000, 0x00000000a8800000, 0x00000000e0000000)
  object space 139264K, 32% used [0x00000000a0000000,0x00000000a2cd5b70,0x00000000a8800000)
 Metaspace       used 61107K, capacity 63394K, committed 63616K, reserved 1103872K
  class space    used 8276K, capacity 8769K, committed 8832K, reserved 1048576K
}
Event: 22.038 GC heap before
{Heap before GC invocations=18 (full 3):
 PSYoungGen      total 325120K, used 316170K [0x00000000e0000000, 0x00000000f5c80000, 0x0000000100000000)
  eden space 310784K, 100% used [0x00000000e0000000,0x00000000f2f80000,0x00000000f2f80000)
  from space 14336K, 37% used [0x00000000f4e80000,0x00000000f53c2a50,0x00000000f5c80000)
  to   space 23040K, 0% used [0x00000000f2f80000,0x00000000f2f80000,0x00000000f4600000)
 ParOldGen       total 139264K, used 45910K [0x00000000a0000000, 0x00000000a8800000, 0x00000000e0000000)
  object space 139264K, 32% used [0x00000000a0000000,0x00000000a2cd5b70,0x00000000a8800000)
 Metaspace       used 67949K, capacity 70352K, committed 70528K, reserved 1110016K
  class space    used 9058K, capacity 9592K, committed 9600K, reserved 1048576K
Event: 22.090 GC heap after
Heap after GC invocations=18 (full 3):
 PSYoungGen      total 333824K, used 23019K [0x00000000e0000000, 0x00000000fbd00000, 0x0000000100000000)
  eden space 310784K, 0% used [0x00000000e0000000,0x00000000e0000000,0x00000000f2f80000)
  from space 23040K, 99% used [0x00000000f2f80000,0x00000000f45fac38,0x00000000f4600000)
  to   space 28672K, 0% used [0x00000000fa100000,0x00000000fa100000,0x00000000fbd00000)
 ParOldGen       total 139264K, used 52311K [0x00000000a0000000, 0x00000000a8800000, 0x00000000e0000000)
  object space 139264K, 37% used [0x00000000a0000000,0x00000000a3315d50,0x00000000a8800000)
 Metaspace       used 67949K, capacity 70352K, committed 70528K, reserved 1110016K
  class space    used 9058K, capacity 9592K, committed 9600K, reserved 1048576K
}
Event: 27.264 GC heap before
{Heap before GC invocations=19 (full 3):
 PSYoungGen      total 333824K, used 333803K [0x00000000e0000000, 0x00000000fbd00000, 0x0000000100000000)
  eden space 310784K, 100% used [0x00000000e0000000,0x00000000f2f80000,0x00000000f2f80000)
  from space 23040K, 99% used [0x00000000f2f80000,0x00000000f45fac38,0x00000000f4600000)
  to   space 28672K, 0% used [0x00000000fa100000,0x00000000fa100000,0x00000000fbd00000)
 ParOldGen       total 139264K, used 52311K [0x00000000a0000000, 0x00000000a8800000, 0x00000000e0000000)
  object space 139264K, 37% used [0x00000000a0000000,0x00000000a3315d50,0x00000000a8800000)
 Metaspace       used 77814K, capacity 81096K, committed 81280K, reserved 1120256K
  class space    used 10428K, capacity 11084K, committed 11136K, reserved 1048576K
Event: 27.335 GC heap after
Heap after GC invocations=19 (full 3):
 PSYoungGen      total 414720K, used 19331K [0x00000000e0000000, 0x00000000fb800000, 0x0000000100000000)
  eden space 391168K, 0% used [0x00000000e0000000,0x00000000e0000000,0x00000000f7e00000)
  from space 23552K, 82% used [0x00000000fa100000,0x00000000fb3e0c28,0x00000000fb800000)
  to   space 29696K, 0% used [0x00000000f7e00000,0x00000000f7e00000,0x00000000f9b00000)
 ParOldGen       total 139264K, used 73218K [0x00000000a0000000, 0x00000000a8800000, 0x00000000e0000000)
  object space 139264K, 52% used [0x00000000a0000000,0x00000000a4780890,0x00000000a8800000)
 Metaspace       used 77814K, capacity 81096K, committed 81280K, reserved 1120256K
  class space    used 10428K, capacity 11084K, committed 11136K, reserved 1048576K
}
Event: 34.877 GC heap before
{Heap before GC invocations=20 (full 3):
 PSYoungGen      total 414720K, used 410499K [0x00000000e0000000, 0x00000000fb800000, 0x0000000100000000)
  eden space 391168K, 100% used [0x00000000e0000000,0x00000000f7e00000,0x00000000f7e00000)
  from space 23552K, 82% used [0x00000000fa100000,0x00000000fb3e0c28,0x00000000fb800000)
  to   space 29696K, 0% used [0x00000000f7e00000,0x00000000f7e00000,0x00000000f9b00000)
 ParOldGen       total 139264K, used 73218K [0x00000000a0000000, 0x00000000a8800000, 0x00000000e0000000)
  object space 139264K, 52% used [0x00000000a0000000,0x00000000a4780890,0x00000000a8800000)
 Metaspace       used 81202K, capacity 84626K, committed 84864K, reserved 1122304K
  class space    used 10843K, capacity 11523K, committed 11648K, reserved 1048576K
Event: 34.994 GC heap after
Heap after GC invocations=20 (full 3):
 PSYoungGen      total 420864K, used 20388K [0x00000000e0000000, 0x00000000ff780000, 0x0000000100000000)
  eden space 391168K, 0% used [0x00000000e0000000,0x00000000e0000000,0x00000000f7e00000)
  from space 29696K, 68% used [0x00000000f7e00000,0x00000000f91e91e8,0x00000000f9b00000)
  to   space 30720K, 0% used [0x00000000fd980000,0x00000000fd980000,0x00000000ff780000)
 ParOldGen       total 139264K, used 73226K [0x00000000a0000000, 0x00000000a8800000, 0x00000000e0000000)
  object space 139264K, 52% used [0x00000000a0000000,0x00000000a4782890,0x00000000a8800000)
 Metaspace       used 81202K, capacity 84626K, committed 84864K, reserved 1122304K
  class space    used 10843K, capacity 11523K, committed 11648K, reserved 1048576K
}

