# JRE version: OpenJDK Runtime Environment (8.0_212-b04) (build 1.8.0_212-release-1586-b04)
# Java VM: OpenJDK 64-Bit Server VM (25.212-b04 mixed mode windows-amd64 compressed oops)
Heap:
 PSYoungGen      total 213504K, used 87993K [0x00000000e0000000, 0x00000000f0500000, 0x0000000100000000)
  eden space 199168K, 44% used [0x00000000e0000000,0x00000000e55ee460,0x00000000ec280000)
  from space 14336K, 0% used [0x00000000ed000000,0x00000000ed000000,0x00000000ede00000)
  to   space 13824K, 0% used [0x00000000ec280000,0x00000000ec280000,0x00000000ed000000)
 ParOldGen       total 74752K, used 15224K [0x00000000a0000000, 0x00000000a4900000, 0x00000000e0000000)
  object space 74752K, 20% used [0x00000000a0000000,0x00000000a0ede138,0x00000000a4900000)
 Metaspace       used 43473K, capacity 44584K, committed 44928K, reserved 1087488K
  class space    used 5870K, capacity 6154K, committed 6272K, reserved 1048576K
GC Heap History (10 events):
Event: 7.123 GC heap before
{Heap before GC invocations=6 (full 1):
 PSYoungGen      total 71680K, used 5113K [0x00000000e0000000, 0x00000000e9b00000, 0x0000000100000000)
  eden space 66560K, 0% used [0x00000000e0000000,0x00000000e0000000,0x00000000e4100000)
  from space 5120K, 99% used [0x00000000e4100000,0x00000000e45fe650,0x00000000e4600000)
  to   space 12800K, 0% used [0x00000000e8e80000,0x00000000e8e80000,0x00000000e9b00000)
 ParOldGen       total 87552K, used 11355K [0x00000000a0000000, 0x00000000a5580000, 0x00000000e0000000)
  object space 87552K, 12% used [0x00000000a0000000,0x00000000a0b16e08,0x00000000a5580000)
 Metaspace       used 20677K, capacity 21214K, committed 21296K, reserved 1067008K
  class space    used 2973K, capacity 3165K, committed 3200K, reserved 1048576K
Event: 7.190 GC heap after
Heap after GC invocations=6 (full 1):
 PSYoungGen      total 71680K, used 0K [0x00000000e0000000, 0x00000000e9b00000, 0x0000000100000000)
  eden space 66560K, 0% used [0x00000000e0000000,0x00000000e0000000,0x00000000e4100000)
  from space 5120K, 0% used [0x00000000e4100000,0x00000000e4100000,0x00000000e4600000)
  to   space 12800K, 0% used [0x00000000e8e80000,0x00000000e8e80000,0x00000000e9b00000)
 ParOldGen       total 59904K, used 11888K [0x00000000a0000000, 0x00000000a3a80000, 0x00000000e0000000)
  object space 59904K, 19% used [0x00000000a0000000,0x00000000a0b9c338,0x00000000a3a80000)
 Metaspace       used 20677K, capacity 21214K, committed 21296K, reserved 1067008K
  class space    used 2973K, capacity 3165K, committed 3200K, reserved 1048576K
}
Event: 8.487 GC heap before
{Heap before GC invocations=7 (full 1):
 PSYoungGen      total 71680K, used 66560K [0x00000000e0000000, 0x00000000e9b00000, 0x0000000100000000)
  eden space 66560K, 100% used [0x00000000e0000000,0x00000000e4100000,0x00000000e4100000)
  from space 5120K, 0% used [0x00000000e4100000,0x00000000e4100000,0x00000000e4600000)
  to   space 12800K, 0% used [0x00000000e8e80000,0x00000000e8e80000,0x00000000e9b00000)
 ParOldGen       total 59904K, used 11888K [0x00000000a0000000, 0x00000000a3a80000, 0x00000000e0000000)
  object space 59904K, 19% used [0x00000000a0000000,0x00000000a0b9c338,0x00000000a3a80000)
 Metaspace       used 29247K, capacity 29850K, committed 30080K, reserved 1075200K
  class space    used 3947K, capacity 4137K, committed 4224K, reserved 1048576K
Event: 8.500 GC heap after
Heap after GC invocations=7 (full 1):
 PSYoungGen      total 124416K, used 8454K [0x00000000e0000000, 0x00000000e9700000, 0x0000000100000000)
  eden space 115712K, 0% used [0x00000000e0000000,0x00000000e0000000,0x00000000e7100000)
  from space 8704K, 97% used [0x00000000e8e80000,0x00000000e96c1860,0x00000000e9700000)
  to   space 12800K, 0% used [0x00000000e7e00000,0x00000000e7e00000,0x00000000e8a80000)
 ParOldGen       total 59904K, used 11896K [0x00000000a0000000, 0x00000000a3a80000, 0x00000000e0000000)
  object space 59904K, 19% used [0x00000000a0000000,0x00000000a0b9e338,0x00000000a3a80000)
 Metaspace       used 29247K, capacity 29850K, committed 30080K, reserved 1075200K
  class space    used 3947K, capacity 4137K, committed 4224K, reserved 1048576K
}
Event: 10.198 GC heap before
{Heap before GC invocations=8 (full 1):
 PSYoungGen      total 124416K, used 124166K [0x00000000e0000000, 0x00000000e9700000, 0x0000000100000000)
  eden space 115712K, 100% used [0x00000000e0000000,0x00000000e7100000,0x00000000e7100000)
  from space 8704K, 97% used [0x00000000e8e80000,0x00000000e96c1860,0x00000000e9700000)
  to   space 12800K, 0% used [0x00000000e7e00000,0x00000000e7e00000,0x00000000e8a80000)
 ParOldGen       total 59904K, used 11896K [0x00000000a0000000, 0x00000000a3a80000, 0x00000000e0000000)
  object space 59904K, 19% used [0x00000000a0000000,0x00000000a0b9e338,0x00000000a3a80000)
 Metaspace       used 34551K, capacity 35364K, committed 35456K, reserved 1079296K
  class space    used 4737K, capacity 4957K, committed 4992K, reserved 1048576K
Event: 10.223 GC heap after
Heap after GC invocations=8 (full 1):
 PSYoungGen      total 141824K, used 12253K [0x00000000e0000000, 0x00000000ede00000, 0x0000000100000000)
  eden space 129024K, 0% used [0x00000000e0000000,0x00000000e0000000,0x00000000e7e00000)
  from space 12800K, 95% used [0x00000000e7e00000,0x00000000e89f77f8,0x00000000e8a80000)
  to   space 14336K, 0% used [0x00000000ed000000,0x00000000ed000000,0x00000000ede00000)
 ParOldGen       total 59904K, used 11904K [0x00000000a0000000, 0x00000000a3a80000, 0x00000000e0000000)
  object space 59904K, 19% used [0x00000000a0000000,0x00000000a0ba0338,0x00000000a3a80000)
 Metaspace       used 34551K, capacity 35364K, committed 35456K, reserved 1079296K
  class space    used 4737K, capacity 4957K, committed 4992K, reserved 1048576K
}
Event: 10.398 GC heap before
{Heap before GC invocations=9 (full 1):
 PSYoungGen      total 141824K, used 22034K [0x00000000e0000000, 0x00000000ede00000, 0x0000000100000000)
  eden space 129024K, 7% used [0x00000000e0000000,0x00000000e098d0b0,0x00000000e7e00000)
  from space 12800K, 95% used [0x00000000e7e00000,0x00000000e89f77f8,0x00000000e8a80000)
  to   space 14336K, 0% used [0x00000000ed000000,0x00000000ed000000,0x00000000ede00000)
 ParOldGen       total 59904K, used 11904K [0x00000000a0000000, 0x00000000a3a80000, 0x00000000e0000000)
  object space 59904K, 19% used [0x00000000a0000000,0x00000000a0ba0338,0x00000000a3a80000)
 Metaspace       used 34620K, capacity 35376K, committed 35456K, reserved 1079296K
  class space    used 4747K, capacity 4961K, committed 4992K, reserved 1048576K
Event: 10.429 GC heap after
Heap after GC invocations=9 (full 1):
 PSYoungGen      total 213504K, used 8243K [0x00000000e0000000, 0x00000000f0500000, 0x0000000100000000)
  eden space 199168K, 0% used [0x00000000e0000000,0x00000000e0000000,0x00000000ec280000)
  from space 14336K, 57% used [0x00000000ed000000,0x00000000ed80cdf0,0x00000000ede00000)
  to   space 13824K, 0% used [0x00000000ec280000,0x00000000ec280000,0x00000000ed000000)
 ParOldGen       total 59904K, used 11912K [0x00000000a0000000, 0x00000000a3a80000, 0x00000000e0000000)
  object space 59904K, 19% used [0x00000000a0000000,0x00000000a0ba2338,0x00000000a3a80000)
 Metaspace       used 34620K, capacity 35376K, committed 35456K, reserved 1079296K
  class space    used 4747K, capacity 4961K, committed 4992K, reserved 1048576K
}
Event: 10.429 GC heap before
{Heap before GC invocations=10 (full 2):
 PSYoungGen      total 213504K, used 8243K [0x00000000e0000000, 0x00000000f0500000, 0x0000000100000000)
  eden space 199168K, 0% used [0x00000000e0000000,0x00000000e0000000,0x00000000ec280000)
  from space 14336K, 57% used [0x00000000ed000000,0x00000000ed80cdf0,0x00000000ede00000)
  to   space 13824K, 0% used [0x00000000ec280000,0x00000000ec280000,0x00000000ed000000)
 ParOldGen       total 59904K, used 11912K [0x00000000a0000000, 0x00000000a3a80000, 0x00000000e0000000)
  object space 59904K, 19% used [0x00000000a0000000,0x00000000a0ba2338,0x00000000a3a80000)
 Metaspace       used 34620K, capacity 35376K, committed 35456K, reserved 1079296K
  class space    used 4747K, capacity 4961K, committed 4992K, reserved 1048576K
Event: 10.557 GC heap after
Heap after GC invocations=10 (full 2):
 PSYoungGen      total 213504K, used 0K [0x00000000e0000000, 0x00000000f0500000, 0x0000000100000000)
  eden space 199168K, 0% used [0x00000000e0000000,0x00000000e0000000,0x00000000ec280000)
  from space 14336K, 0% used [0x00000000ed000000,0x00000000ed000000,0x00000000ede00000)
  to   space 13824K, 0% used [0x00000000ec280000,0x00000000ec280000,0x00000000ed000000)
 ParOldGen       total 74752K, used 15224K [0x00000000a0000000, 0x00000000a4900000, 0x00000000e0000000)
  object space 74752K, 20% used [0x00000000a0000000,0x00000000a0ede138,0x00000000a4900000)
 Metaspace       used 34614K, capacity 35352K, committed 35456K, reserved 1079296K
  class space    used 4745K, capacity 4957K, committed 4992K, reserved 1048576K
}

