# JRE version: OpenJDK Runtime Environment (8.0_212-b04) (build 1.8.0_212-release-1586-b04)
# Java VM: OpenJDK 64-Bit Server VM (25.212-b04 mixed mode windows-amd64 compressed oops)
Heap:
 PSYoungGen      total 287744K, used 107595K [0x00000000e0000000, 0x00000000f4180000, 0x0000000100000000)
  eden space 253440K, 28% used [0x00000000e0000000,0x00000000e4799708,0x00000000ef780000)
  from space 34304K, 99% used [0x00000000ef780000,0x00000000f18f9618,0x00000000f1900000)
  to   space 24576K, 0% used [0x00000000f1900000,0x00000000f1900000,0x00000000f3100000)
 ParOldGen       total 139776K, used 91655K [0x00000000a0000000, 0x00000000a8880000, 0x00000000e0000000)
  object space 139776K, 65% used [0x00000000a0000000,0x00000000a5981c78,0x00000000a8880000)
 Metaspace       used 78789K, capacity 82014K, committed 82176K, reserved 1120256K
  class space    used 10624K, capacity 11261K, committed 11264K, reserved 1048576K
GC Heap History (10 events):
Event: 12.222 GC heap before
{Heap before GC invocations=12 (full 2):
 PSYoungGen      total 176640K, used 155273K [0x00000000e0000000, 0x00000000ef580000, 0x0000000100000000)
  eden space 163328K, 86% used [0x00000000e0000000,0x00000000e8aa8048,0x00000000e9f80000)
  from space 13312K, 99% used [0x00000000e9f80000,0x00000000eac7a5a0,0x00000000eac80000)
  to   space 17408K, 0% used [0x00000000ee480000,0x00000000ee480000,0x00000000ef580000)
 ParOldGen       total 88064K, used 20643K [0x00000000a0000000, 0x00000000a5600000, 0x00000000e0000000)
  object space 88064K, 23% used [0x00000000a0000000,0x00000000a1428ef0,0x00000000a5600000)
 Metaspace       used 57191K, capacity 59012K, committed 59096K, reserved 1099776K
  class space    used 7832K, capacity 8286K, committed 8320K, reserved 1048576K
Event: 12.248 GC heap after
Heap after GC invocations=12 (full 2):
 PSYoungGen      total 228352K, used 17389K [0x00000000e0000000, 0x00000000efc00000, 0x0000000100000000)
  eden space 210944K, 0% used [0x00000000e0000000,0x00000000e0000000,0x00000000ece00000)
  from space 17408K, 99% used [0x00000000ee480000,0x00000000ef57b7b0,0x00000000ef580000)
  to   space 23040K, 0% used [0x00000000ece00000,0x00000000ece00000,0x00000000ee480000)
 ParOldGen       total 88064K, used 29016K [0x00000000a0000000, 0x00000000a5600000, 0x00000000e0000000)
  object space 88064K, 32% used [0x00000000a0000000,0x00000000a1c56320,0x00000000a5600000)
 Metaspace       used 57191K, capacity 59012K, committed 59096K, reserved 1099776K
  class space    used 7832K, capacity 8286K, committed 8320K, reserved 1048576K
}
Event: 12.248 GC heap before
{Heap before GC invocations=13 (full 3):
 PSYoungGen      total 228352K, used 17389K [0x00000000e0000000, 0x00000000efc00000, 0x0000000100000000)
  eden space 210944K, 0% used [0x00000000e0000000,0x00000000e0000000,0x00000000ece00000)
  from space 17408K, 99% used [0x00000000ee480000,0x00000000ef57b7b0,0x00000000ef580000)
  to   space 23040K, 0% used [0x00000000ece00000,0x00000000ece00000,0x00000000ee480000)
 ParOldGen       total 88064K, used 29016K [0x00000000a0000000, 0x00000000a5600000, 0x00000000e0000000)
  object space 88064K, 32% used [0x00000000a0000000,0x00000000a1c56320,0x00000000a5600000)
 Metaspace       used 57191K, capacity 59012K, committed 59096K, reserved 1099776K
  class space    used 7832K, capacity 8286K, committed 8320K, reserved 1048576K
Event: 12.485 GC heap after
Heap after GC invocations=13 (full 3):
 PSYoungGen      total 228352K, used 0K [0x00000000e0000000, 0x00000000efc00000, 0x0000000100000000)
  eden space 210944K, 0% used [0x00000000e0000000,0x00000000e0000000,0x00000000ece00000)
  from space 17408K, 0% used [0x00000000ee480000,0x00000000ee480000,0x00000000ef580000)
  to   space 23040K, 0% used [0x00000000ece00000,0x00000000ece00000,0x00000000ee480000)
 ParOldGen       total 139776K, used 39249K [0x00000000a0000000, 0x00000000a8880000, 0x00000000e0000000)
  object space 139776K, 28% used [0x00000000a0000000,0x00000000a26544e8,0x00000000a8880000)
 Metaspace       used 57191K, capacity 59012K, committed 59096K, reserved 1099776K
  class space    used 7832K, capacity 8286K, committed 8320K, reserved 1048576K
}
Event: 15.087 GC heap before
{Heap before GC invocations=14 (full 3):
 PSYoungGen      total 228352K, used 210944K [0x00000000e0000000, 0x00000000efc00000, 0x0000000100000000)
  eden space 210944K, 100% used [0x00000000e0000000,0x00000000ece00000,0x00000000ece00000)
  from space 17408K, 0% used [0x00000000ee480000,0x00000000ee480000,0x00000000ef580000)
  to   space 23040K, 0% used [0x00000000ece00000,0x00000000ece00000,0x00000000ee480000)
 ParOldGen       total 139776K, used 39249K [0x00000000a0000000, 0x00000000a8880000, 0x00000000e0000000)
  object space 139776K, 28% used [0x00000000a0000000,0x00000000a26544e8,0x00000000a8880000)
 Metaspace       used 61092K, capacity 63348K, committed 63488K, reserved 1103872K
  class space    used 8367K, capacity 8852K, committed 8960K, reserved 1048576K
Event: 15.126 GC heap after
Heap after GC invocations=14 (full 3):
 PSYoungGen      total 233984K, used 17956K [0x00000000e0000000, 0x00000000f3100000, 0x0000000100000000)
  eden space 210944K, 0% used [0x00000000e0000000,0x00000000e0000000,0x00000000ece00000)
  from space 23040K, 77% used [0x00000000ece00000,0x00000000edf89298,0x00000000ee480000)
  to   space 24576K, 0% used [0x00000000f1900000,0x00000000f1900000,0x00000000f3100000)
 ParOldGen       total 139776K, used 39257K [0x00000000a0000000, 0x00000000a8880000, 0x00000000e0000000)
  object space 139776K, 28% used [0x00000000a0000000,0x00000000a26564e8,0x00000000a8880000)
 Metaspace       used 61092K, capacity 63348K, committed 63488K, reserved 1103872K
  class space    used 8367K, capacity 8852K, committed 8960K, reserved 1048576K
}
Event: 19.717 GC heap before
{Heap before GC invocations=15 (full 3):
 PSYoungGen      total 233984K, used 228900K [0x00000000e0000000, 0x00000000f3100000, 0x0000000100000000)
  eden space 210944K, 100% used [0x00000000e0000000,0x00000000ece00000,0x00000000ece00000)
  from space 23040K, 77% used [0x00000000ece00000,0x00000000edf89298,0x00000000ee480000)
  to   space 24576K, 0% used [0x00000000f1900000,0x00000000f1900000,0x00000000f3100000)
 ParOldGen       total 139776K, used 39257K [0x00000000a0000000, 0x00000000a8880000, 0x00000000e0000000)
  object space 139776K, 28% used [0x00000000a0000000,0x00000000a26564e8,0x00000000a8880000)
 Metaspace       used 70283K, capacity 72694K, committed 72960K, reserved 1112064K
  class space    used 9438K, capacity 9981K, committed 9984K, reserved 1048576K
Event: 19.776 GC heap after
Heap after GC invocations=15 (full 3):
 PSYoungGen      total 278016K, used 24572K [0x00000000e0000000, 0x00000000f4180000, 0x0000000100000000)
  eden space 253440K, 0% used [0x00000000e0000000,0x00000000e0000000,0x00000000ef780000)
  from space 24576K, 99% used [0x00000000f1900000,0x00000000f30ff1d8,0x00000000f3100000)
  to   space 34304K, 0% used [0x00000000ef780000,0x00000000ef780000,0x00000000f1900000)
 ParOldGen       total 139776K, used 56792K [0x00000000a0000000, 0x00000000a8880000, 0x00000000e0000000)
  object space 139776K, 40% used [0x00000000a0000000,0x00000000a3776278,0x00000000a8880000)
 Metaspace       used 70283K, capacity 72694K, committed 72960K, reserved 1112064K
  class space    used 9438K, capacity 9981K, committed 9984K, reserved 1048576K
}
Event: 21.289 GC heap before
{Heap before GC invocations=16 (full 3):
 PSYoungGen      total 278016K, used 278012K [0x00000000e0000000, 0x00000000f4180000, 0x0000000100000000)
  eden space 253440K, 100% used [0x00000000e0000000,0x00000000ef780000,0x00000000ef780000)
  from space 24576K, 99% used [0x00000000f1900000,0x00000000f30ff1d8,0x00000000f3100000)
  to   space 34304K, 0% used [0x00000000ef780000,0x00000000ef780000,0x00000000f1900000)
 ParOldGen       total 139776K, used 56792K [0x00000000a0000000, 0x00000000a8880000, 0x00000000e0000000)
  object space 139776K, 40% used [0x00000000a0000000,0x00000000a3776278,0x00000000a8880000)
 Metaspace       used 77487K, capacity 80380K, committed 80512K, reserved 1118208K
  class space    used 10457K, capacity 11086K, committed 11136K, reserved 1048576K
Event: 21.373 GC heap after
Heap after GC invocations=16 (full 3):
 PSYoungGen      total 287744K, used 34277K [0x00000000e0000000, 0x00000000f4180000, 0x0000000100000000)
  eden space 253440K, 0% used [0x00000000e0000000,0x00000000e0000000,0x00000000ef780000)
  from space 34304K, 99% used [0x00000000ef780000,0x00000000f18f9618,0x00000000f1900000)
  to   space 24576K, 0% used [0x00000000f1900000,0x00000000f1900000,0x00000000f3100000)
 ParOldGen       total 139776K, used 91655K [0x00000000a0000000, 0x00000000a8880000, 0x00000000e0000000)
  object space 139776K, 65% used [0x00000000a0000000,0x00000000a5981c78,0x00000000a8880000)
 Metaspace       used 77487K, capacity 80380K, committed 80512K, reserved 1118208K
  class space    used 10457K, capacity 11086K, committed 11136K, reserved 1048576K
}

