# JRE version: OpenJDK Runtime Environment (8.0_212-b04) (build 1.8.0_212-release-1586-b04)
# Java VM: OpenJDK 64-Bit Server VM (25.212-b04 mixed mode windows-amd64 compressed oops)
Heap:
 PSYoungGen      total 179200K, used 58487K [0x00000000e0000000, 0x00000000ecf00000, 0x0000000100000000)
  eden space 160768K, 36% used [0x00000000e0000000,0x00000000e391dd40,0x00000000e9d00000)
  from space 18432K, 0% used [0x00000000ea680000,0x00000000ea680000,0x00000000eb880000)
  to   space 23040K, 0% used [0x00000000eb880000,0x00000000eb880000,0x00000000ecf00000)
 ParOldGen       total 217600K, used 61174K [0x00000000a0000000, 0x00000000ad480000, 0x00000000e0000000)
  object space 217600K, 28% used [0x00000000a0000000,0x00000000a3bbd868,0x00000000ad480000)
 Metaspace       used 86473K, capacity 90354K, committed 91520K, reserved 1130496K
  class space    used 10989K, capacity 11778K, committed 12160K, reserved 1048576K
GC Heap History (10 events):
Event: 1174.137 GC heap before
{Heap before GC invocations=21 (full 3):
 PSYoungGen      total 183296K, used 183144K [0x00000000e0000000, 0x00000000ee180000, 0x0000000100000000)
  eden space 170496K, 100% used [0x00000000e0000000,0x00000000ea680000,0x00000000ea680000)
  from space 12800K, 98% used [0x00000000eb480000,0x00000000ec0da078,0x00000000ec100000)
  to   space 25088K, 0% used [0x00000000ec900000,0x00000000ec900000,0x00000000ee180000)
 ParOldGen       total 146432K, used 57348K [0x00000000a0000000, 0x00000000a8f00000, 0x00000000e0000000)
  object space 146432K, 39% used [0x00000000a0000000,0x00000000a3801130,0x00000000a8f00000)
 Metaspace       used 80167K, capacity 84432K, committed 84736K, reserved 1122304K
  class space    used 10412K, capacity 11405K, committed 11520K, reserved 1048576K
Event: 1174.174 GC heap after
Heap after GC invocations=21 (full 3):
 PSYoungGen      total 180224K, used 14731K [0x00000000e0000000, 0x00000000ed780000, 0x0000000100000000)
  eden space 165376K, 0% used [0x00000000e0000000,0x00000000e0000000,0x00000000ea180000)
  from space 14848K, 99% used [0x00000000ec900000,0x00000000ed762e78,0x00000000ed780000)
  to   space 25088K, 0% used [0x00000000ea680000,0x00000000ea680000,0x00000000ebf00000)
 ParOldGen       total 146432K, used 57356K [0x00000000a0000000, 0x00000000a8f00000, 0x00000000e0000000)
  object space 146432K, 39% used [0x00000000a0000000,0x00000000a3803130,0x00000000a8f00000)
 Metaspace       used 80167K, capacity 84432K, committed 84736K, reserved 1122304K
  class space    used 10412K, capacity 11405K, committed 11520K, reserved 1048576K
}
Event: 2031.011 GC heap before
{Heap before GC invocations=22 (full 3):
 PSYoungGen      total 180224K, used 180107K [0x00000000e0000000, 0x00000000ed780000, 0x0000000100000000)
  eden space 165376K, 100% used [0x00000000e0000000,0x00000000ea180000,0x00000000ea180000)
  from space 14848K, 99% used [0x00000000ec900000,0x00000000ed762e78,0x00000000ed780000)
  to   space 25088K, 0% used [0x00000000ea680000,0x00000000ea680000,0x00000000ebf00000)
 ParOldGen       total 146432K, used 57356K [0x00000000a0000000, 0x00000000a8f00000, 0x00000000e0000000)
  object space 146432K, 39% used [0x00000000a0000000,0x00000000a3803130,0x00000000a8f00000)
 Metaspace       used 82709K, capacity 87456K, committed 87680K, reserved 1124352K
  class space    used 10729K, capacity 11847K, committed 11904K, reserved 1048576K
Event: 2031.032 GC heap after
Heap after GC invocations=22 (full 3):
 PSYoungGen      total 179200K, used 18338K [0x00000000e0000000, 0x00000000ecf00000, 0x0000000100000000)
  eden space 160768K, 0% used [0x00000000e0000000,0x00000000e0000000,0x00000000e9d00000)
  from space 18432K, 99% used [0x00000000ea680000,0x00000000eb868aa0,0x00000000eb880000)
  to   space 23040K, 0% used [0x00000000eb880000,0x00000000eb880000,0x00000000ecf00000)
 ParOldGen       total 146432K, used 57364K [0x00000000a0000000, 0x00000000a8f00000, 0x00000000e0000000)
  object space 146432K, 39% used [0x00000000a0000000,0x00000000a3805130,0x00000000a8f00000)
 Metaspace       used 82709K, capacity 87456K, committed 87680K, reserved 1124352K
  class space    used 10729K, capacity 11847K, committed 11904K, reserved 1048576K
}
Event: 2035.901 GC heap before
{Heap before GC invocations=23 (full 3):
 PSYoungGen      total 179200K, used 179106K [0x00000000e0000000, 0x00000000ecf00000, 0x0000000100000000)
  eden space 160768K, 100% used [0x00000000e0000000,0x00000000e9d00000,0x00000000e9d00000)
  from space 18432K, 99% used [0x00000000ea680000,0x00000000eb868aa0,0x00000000eb880000)
  to   space 23040K, 0% used [0x00000000eb880000,0x00000000eb880000,0x00000000ecf00000)
 ParOldGen       total 146432K, used 57364K [0x00000000a0000000, 0x00000000a8f00000, 0x00000000e0000000)
  object space 146432K, 39% used [0x00000000a0000000,0x00000000a3805130,0x00000000a8f00000)
 Metaspace       used 84646K, capacity 89478K, committed 89600K, reserved 1126400K
  class space    used 10930K, capacity 12020K, committed 12032K, reserved 1048576K
Event: 2035.943 GC heap after
Heap after GC invocations=23 (full 3):
 PSYoungGen      total 183808K, used 23020K [0x00000000e0000000, 0x00000000ecf00000, 0x0000000100000000)
  eden space 160768K, 0% used [0x00000000e0000000,0x00000000e0000000,0x00000000e9d00000)
  from space 23040K, 99% used [0x00000000eb880000,0x00000000ecefb020,0x00000000ecf00000)
  to   space 18432K, 0% used [0x00000000ea680000,0x00000000ea680000,0x00000000eb880000)
 ParOldGen       total 146432K, used 63896K [0x00000000a0000000, 0x00000000a8f00000, 0x00000000e0000000)
  object space 146432K, 43% used [0x00000000a0000000,0x00000000a3e66350,0x00000000a8f00000)
 Metaspace       used 84646K, capacity 89478K, committed 89600K, reserved 1126400K
  class space    used 10930K, capacity 12020K, committed 12032K, reserved 1048576K
}
Event: 2036.294 GC heap before
{Heap before GC invocations=24 (full 3):
 PSYoungGen      total 183808K, used 39186K [0x00000000e0000000, 0x00000000ecf00000, 0x0000000100000000)
  eden space 160768K, 10% used [0x00000000e0000000,0x00000000e0fc9850,0x00000000e9d00000)
  from space 23040K, 99% used [0x00000000eb880000,0x00000000ecefb020,0x00000000ecf00000)
  to   space 18432K, 0% used [0x00000000ea680000,0x00000000ea680000,0x00000000eb880000)
 ParOldGen       total 146432K, used 63896K [0x00000000a0000000, 0x00000000a8f00000, 0x00000000e0000000)
  object space 146432K, 43% used [0x00000000a0000000,0x00000000a3e66350,0x00000000a8f00000)
 Metaspace       used 85570K, capacity 90416K, committed 90496K, reserved 1132544K
  class space    used 11017K, capacity 12129K, committed 12160K, reserved 1048576K
Event: 2036.315 GC heap after
Heap after GC invocations=24 (full 3):
 PSYoungGen      total 179200K, used 18424K [0x00000000e0000000, 0x00000000ecf00000, 0x0000000100000000)
  eden space 160768K, 0% used [0x00000000e0000000,0x00000000e0000000,0x00000000e9d00000)
  from space 18432K, 99% used [0x00000000ea680000,0x00000000eb87e328,0x00000000eb880000)
  to   space 23040K, 0% used [0x00000000eb880000,0x00000000eb880000,0x00000000ecf00000)
 ParOldGen       total 146432K, used 69928K [0x00000000a0000000, 0x00000000a8f00000, 0x00000000e0000000)
  object space 146432K, 47% used [0x00000000a0000000,0x00000000a444a158,0x00000000a8f00000)
 Metaspace       used 85570K, capacity 90416K, committed 90496K, reserved 1132544K
  class space    used 11017K, capacity 12129K, committed 12160K, reserved 1048576K
}
Event: 2036.315 GC heap before
{Heap before GC invocations=25 (full 4):
 PSYoungGen      total 179200K, used 18424K [0x00000000e0000000, 0x00000000ecf00000, 0x0000000100000000)
  eden space 160768K, 0% used [0x00000000e0000000,0x00000000e0000000,0x00000000e9d00000)
  from space 18432K, 99% used [0x00000000ea680000,0x00000000eb87e328,0x00000000eb880000)
  to   space 23040K, 0% used [0x00000000eb880000,0x00000000eb880000,0x00000000ecf00000)
 ParOldGen       total 146432K, used 69928K [0x00000000a0000000, 0x00000000a8f00000, 0x00000000e0000000)
  object space 146432K, 47% used [0x00000000a0000000,0x00000000a444a158,0x00000000a8f00000)
 Metaspace       used 85570K, capacity 90416K, committed 90496K, reserved 1132544K
  class space    used 11017K, capacity 12129K, committed 12160K, reserved 1048576K
Event: 2036.884 GC heap after
Heap after GC invocations=25 (full 4):
 PSYoungGen      total 179200K, used 0K [0x00000000e0000000, 0x00000000ecf00000, 0x0000000100000000)
  eden space 160768K, 0% used [0x00000000e0000000,0x00000000e0000000,0x00000000e9d00000)
  from space 18432K, 0% used [0x00000000ea680000,0x00000000ea680000,0x00000000eb880000)
  to   space 23040K, 0% used [0x00000000eb880000,0x00000000eb880000,0x00000000ecf00000)
 ParOldGen       total 217600K, used 61174K [0x00000000a0000000, 0x00000000ad480000, 0x00000000e0000000)
  object space 217600K, 28% used [0x00000000a0000000,0x00000000a3bbd868,0x00000000ad480000)
 Metaspace       used 84739K, capacity 88596K, committed 90496K, reserved 1130496K
  class space    used 10803K, capacity 11607K, committed 12160K, reserved 1048576K
}

